<?xml version="1.0" encoding="UTF-8"?>
<!-- Generated by org.testng.reporters.JUnitReportReporter -->
<testsuite hostname="NIKESH-LAPTOP" name="webpage.MercuryProject.LoginPage" tests="3" failures="0" timestamp="10 Jun 2018 18:54:18 GMT" time="9.178" errors="0">
  <testcase name="finalbooking" time="2.133" classname="webpage.MercuryProject.LoginPage"/>
  <testcase name="selectflight" time="1.535" classname="webpage.MercuryProject.LoginPage"/>
  <testcase name="flightreservation" time="5.510" classname="webpage.MercuryProject.LoginPage"/>
</testsuite> <!-- webpage.MercuryProject.LoginPage -->
